[     154ms] [LOG] [Fast Refresh] rebuilding @ http://localhost:3000/_next/static/chunks/0.a5_next_dist_0~acfrx._.js:2477
[     467ms] [INFO] %cDownload the React DevTools for a better development experience: https://react.dev/link/react-devtools font-weight:bold @ http://localhost:3000/_next/static/chunks/0.a5_next_dist_0~acfrx._.js:2477
[     484ms] [LOG] [HMR] connected @ http://localhost:3000/_next/static/chunks/0.a5_next_dist_0~acfrx._.js:2477
[     634ms] [LOG] [Fast Refresh] rebuilding @ http://localhost:3000/_next/static/chunks/0.a5_next_dist_0~acfrx._.js:2477
[     887ms] [ERROR] Failed to load resource: the server responded with a status of 403 (Forbidden) @ http://localhost:3000/api/admin/developers:0
[     896ms] TypeError: devs.map is not a function
    at AdminClient (http://localhost:3000/_next/static/chunks/_0jz.uqu._.js:172:36)
    at Object.react_stack_bottom_frame (http://localhost:3000/_next/static/chunks/0.a5_next_dist_compiled_react-dom_0_kavj1._.js:15037:24)
    at renderWithHooks (http://localhost:3000/_next/static/chunks/0.a5_next_dist_compiled_react-dom_0_kavj1._.js:4620:24)
    at updateFunctionComponent (http://localhost:3000/_next/static/chunks/0.a5_next_dist_compiled_react-dom_0_kavj1._.js:6081:21)
    at beginWork (http://localhost:3000/_next/static/chunks/0.a5_next_dist_compiled_react-dom_0_kavj1._.js:6691:24)
    at runWithFiberInDEV (http://localhost:3000/_next/static/chunks/0.a5_next_dist_compiled_react-dom_0_kavj1._.js:965:74)
    at performUnitOfWork (http://localhost:3000/_next/static/chunks/0.a5_next_dist_compiled_react-dom_0_kavj1._.js:9555:97)
    at workLoopSync (http://localhost:3000/_next/static/chunks/0.a5_next_dist_compiled_react-dom_0_kavj1._.js:9449:40)
    at renderRootSync (http://localhost:3000/_next/static/chunks/0.a5_next_dist_compiled_react-dom_0_kavj1._.js:9433:13)
    at performWorkOnRoot (http://localhost:3000/_next/static/chunks/0.a5_next_dist_compiled_react-dom_0_kavj1._.js:9098:47)
    at performSyncWorkOnRoot (http://localhost:3000/_next/static/chunks/0.a5_next_dist_compiled_react-dom_0_kavj1._.js:10263:9)
    at flushSyncWorkAcrossRoots_impl (http://localhost:3000/_next/static/chunks/0.a5_next_dist_compiled_react-dom_0_kavj1._.js:10179:316)
    at processRootScheduleInMicrotask (http://localhost:3000/_next/static/chunks/0.a5_next_dist_compiled_react-dom_0_kavj1._.js:10200:106)
    at http://localhost:3000/_next/static/chunks/0.a5_next_dist_compiled_react-dom_0_kavj1._.js:10274:158
[     898ms] [LOG] [Fast Refresh] done in 364ms @ http://localhost:3000/_next/static/chunks/0.a5_next_dist_0~acfrx._.js:2477
[   35956ms] [LOG] [Fast Refresh] rebuilding @ http://localhost:3000/_next/static/chunks/0.a5_next_dist_0~acfrx._.js:2477
[   35959ms] [WARNING] [Fast Refresh] performing full reload because your application had an unrecoverable error @ http://localhost:3000/_next/static/chunks/0.a5_next_dist_0~acfrx._.js:2477
[   35982ms] [LOG] [Fast Refresh] done in 28ms @ http://localhost:3000/_next/static/chunks/0.a5_next_dist_0~acfrx._.js:2477
[   36044ms] [INFO] %cDownload the React DevTools for a better development experience: https://react.dev/link/react-devtools font-weight:bold @ http://localhost:3000/_next/static/chunks/0.a5_next_dist_0~acfrx._.js:2477
[   36054ms] [LOG] [HMR] connected @ http://localhost:3000/_next/static/chunks/0.a5_next_dist_0~acfrx._.js:2477
[   36077ms] [ERROR] Failed to load resource: the server responded with a status of 403 (Forbidden) @ http://localhost:3000/api/admin/developers:0
[   60457ms] [LOG] [Fast Refresh] rebuilding @ http://localhost:3000/_next/static/chunks/0.a5_next_dist_0~acfrx._.js:2477
[   60528ms] [LOG] [Fast Refresh] done in 56ms @ http://localhost:3000/_next/static/chunks/0.a5_next_dist_0~acfrx._.js:2477
[   60676ms] [LOG] [Fast Refresh] rebuilding @ http://localhost:3000/_next/static/chunks/0.a5_next_dist_0~acfrx._.js:2477
[   60701ms] [LOG] [Fast Refresh] done in 127ms @ http://localhost:3000/_next/static/chunks/0.a5_next_dist_0~acfrx._.js:2477
