[     160ms] [INFO] %cDownload the React DevTools for a better development experience: https://react.dev/link/react-devtools font-weight:bold @ http://localhost:3000/_next/static/chunks/0.a5_next_dist_0~acfrx._.js:2477
[     175ms] [LOG] [HMR] connected @ http://localhost:3000/_next/static/chunks/0.a5_next_dist_0~acfrx._.js:2477
[     287ms] [LOG] [Fast Refresh] rebuilding @ http://localhost:3000/_next/static/chunks/0.a5_next_dist_0~acfrx._.js:2477
[     318ms] [LOG] [Fast Refresh] done in 132ms @ http://localhost:3000/_next/static/chunks/0.a5_next_dist_0~acfrx._.js:2477
[    3324ms] [WARNING] The resource http://localhost:3000/_next/static/media/caa3a2e1cccd8315-s.p.16t1db8_9y2o~.woff2 was preloaded using link preload but not used within a few seconds from the window's load event. Please make sure it has an appropriate `as` value and it is preloaded intentionally. @ http://localhost:3000/preview:0
[    3324ms] [WARNING] The resource http://localhost:3000/_next/static/media/797e433ab948586e-s.p.0.q-h669a_dqa.woff2 was preloaded using link preload but not used within a few seconds from the window's load event. Please make sure it has an appropriate `as` value and it is preloaded intentionally. @ http://localhost:3000/preview:0
[   20279ms] [LOG] [Fast Refresh] rebuilding @ http://localhost:3000/_next/static/chunks/0.a5_next_dist_0~acfrx._.js:2477
[   20366ms] [ERROR] Failed to load resource: the server responded with a status of 404 (Not Found) @ http://localhost:3000/preview?_rsc=DTBXJVMX8n3uGkGO:0
[   20371ms] [LOG] [Fast Refresh] done in 28ms @ http://localhost:3000/_next/static/chunks/0.a5_next_dist_0~acfrx._.js:2477
[   20386ms] [LOG] [Fast Refresh] rebuilding @ http://localhost:3000/_next/static/chunks/0.a5_next_dist_0~acfrx._.js:2477
[   20447ms] [ERROR] Failed to load resource: the server responded with a status of 404 (Not Found) @ http://localhost:3000/preview?_rsc=DTBXJVMX8n3uGkGO:0
[   20451ms] [LOG] [Fast Refresh] done in 13ms @ http://localhost:3000/_next/static/chunks/0.a5_next_dist_0~acfrx._.js:2477
[   20508ms] [ERROR] Failed to load resource: the server responded with a status of 404 (Not Found) @ http://localhost:3000/preview?_rsc=DTBXJVMX8n3uGkGO:0
[   20513ms] [ERROR] Failed to load resource: the server responded with a status of 404 (Not Found) @ http://localhost:3000/preview:0
[   20534ms] [INFO] %cDownload the React DevTools for a better development experience: https://react.dev/link/react-devtools font-weight:bold @ http://localhost:3000/_next/static/chunks/0.a5_next_dist_0~acfrx._.js:2477
[   20541ms] [LOG] [HMR] connected @ http://localhost:3000/_next/static/chunks/0.a5_next_dist_0~acfrx._.js:2477
[  674433ms] [LOG] [Fast Refresh] rebuilding @ http://localhost:3000/_next/static/chunks/0.a5_next_dist_0~acfrx._.js:2477
[  674538ms] [ERROR] Failed to load resource: the server responded with a status of 404 (Not Found) @ http://localhost:3000/preview?_rsc=gJvLbHS0Udr_qZza:0
[  674545ms] [LOG] [Fast Refresh] done in 51ms @ http://localhost:3000/_next/static/chunks/0.a5_next_dist_0~acfrx._.js:2477
[  674567ms] [ERROR] Failed to load resource: the server responded with a status of 404 (Not Found) @ http://localhost:3000/preview?_rsc=gJvLbHS0Udr_qZza:0
[  674601ms] [ERROR] Failed to load resource: the server responded with a status of 404 (Not Found) @ http://localhost:3000/preview?_rsc=gJvLbHS0Udr_qZza:0
[  674653ms] [LOG] [Fast Refresh] rebuilding @ http://localhost:3000/_next/static/chunks/0.a5_next_dist_0~acfrx._.js:2477
[  674658ms] [LOG] [Fast Refresh] done in 106ms @ http://localhost:3000/_next/static/chunks/0.a5_next_dist_0~acfrx._.js:2477
[  674663ms] [ERROR] Failed to load resource: the server responded with a status of 404 (Not Found) @ http://localhost:3000/preview:0
[  674694ms] [INFO] %cDownload the React DevTools for a better development experience: https://react.dev/link/react-devtools font-weight:bold @ http://localhost:3000/_next/static/chunks/0.a5_next_dist_0~acfrx._.js:2477
[  674701ms] [LOG] [HMR] connected @ http://localhost:3000/_next/static/chunks/0.a5_next_dist_0~acfrx._.js:2477
